<?xml version="1.0" encoding="UTF-8"?>
<!-- Generated by org.testng.reporters.JUnitReportReporter -->
<testsuite hostname="DESKTOP-U2FSUON" failures="0" tests="1" name="Axis_TestNGG.ListenerTestNGTestCase" time="10.405" errors="0" timestamp="2024-02-27T11:47:17 IST" skipped="0">
  <testcase classname="Axis_TestNGG.ListenerTestNGTestCase" name="invokechrome" time="10.405"/>
  <system-out/>
</testsuite> <!-- Axis_TestNGG.ListenerTestNGTestCase -->
