<?xml version="1.0" encoding="UTF-8"?>
<!-- Generated by org.testng.reporters.JUnitReportReporter -->
<testsuite hostname="DESKTOP-U2FSUON" failures="0" tests="3" name="Axis_TestNGG.priority" time="0.023" errors="0" timestamp="2024-02-26T16:15:05 IST" skipped="0">
  <testcase classname="Axis_TestNGG.priority" name="h" time="0.002"/>
  <system-out/>
  <testcase classname="Axis_TestNGG.priority" name="f" time="0.017"/>
  <system-out/>
  <testcase classname="Axis_TestNGG.priority" name="g" time="0.004"/>
  <system-out/>
</testsuite> <!-- Axis_TestNGG.priority -->
