<?xml version="1.0" encoding="UTF-8"?>
<!-- Generated by org.testng.reporters.JUnitReportReporter -->
<testsuite hostname="DESKTOP-U2FSUON" failures="0" tests="3" name="Axis_TestNGG.EnabledFalse" time="0.018" errors="0" timestamp="2024-02-27T10:07:29 IST" skipped="1">
  <testcase classname="Axis_TestNGG.EnabledFalse" name="testcase2" time="0.011"/>
  <system-out/>
  <testcase classname="Axis_TestNGG.EnabledFalse" name="testcase3" time="0.007"/>
  <system-out/>
  <testcase classname="Axis_TestNGG.EnabledFalse" name="testcase1">
    <skipped/>
  </testcase> <!-- testcase1 -->
  <system-out/>
</testsuite> <!-- Axis_TestNGG.EnabledFalse -->
