<?xml version="1.0" encoding="UTF-8"?>
<!-- Generated by org.testng.reporters.JUnitReportReporter -->
<testsuite hostname="DESKTOP-U2FSUON" failures="0" tests="1" name="Axis_TestNGG.ListenerTestNGTestCase" time="7.326" errors="0" timestamp="2024-02-27T23:21:21 IST" skipped="0">
  <testcase classname="Axis_TestNGG.ListenerTestNGTestCase" name="invokechrome" time="7.326"/>
  <system-out/>
</testsuite> <!-- Axis_TestNGG.ListenerTestNGTestCase -->
