<?xml version="1.0" encoding="UTF-8"?>
<!-- Generated by org.testng.reporters.JUnitReportReporter -->
<testsuite hostname="DESKTOP-U2FSUON" failures="0" tests="1" name="DataDriven.ReadExcel" time="7.532" errors="0" timestamp="2024-02-27T12:53:07 IST" skipped="0">
  <testcase classname="DataDriven.ReadExcel" name="fblogin" time="7.532"/>
  <system-out/>
</testsuite> <!-- DataDriven.ReadExcel -->
