<?xml version="1.0" encoding="UTF-8"?>
<!-- Generated by org.testng.reporters.JUnitReportReporter -->
<testsuite hostname="DESKTOP-U2FSUON" failures="0" tests="1" name="DataDriven.ReadExcel" time="6.295" errors="0" timestamp="2024-02-28T11:12:03 IST" skipped="0">
  <testcase classname="DataDriven.ReadExcel" name="fblogin" time="6.295"/>
  <system-out/>
</testsuite> <!-- DataDriven.ReadExcel -->
